2026-03-26 15:44:29,438 [INFO] GameEngine startup
2026-03-26 15:44:29,452 [INFO] Command: spawn
2026-03-26 15:44:29,454 [INFO] Spawned creature: Emberfox
2026-03-26 15:45:04,133 [INFO] GameEngine startup
2026-03-26 15:45:04,138 [INFO] Command: spawn
2026-03-26 15:48:42,709 [INFO] GameEngine startup
2026-03-26 15:48:42,714 [INFO] Command: spawn
2026-03-26 15:49:21,038 [INFO] GameEngine startup
2026-03-26 15:49:21,043 [INFO] Command: spawn
2026-03-26 15:49:57,741 [INFO] GameEngine startup
2026-03-26 15:49:57,746 [INFO] Command: spawn
2026-03-26 15:53:07,502 [INFO] GameEngine startup
2026-03-26 15:53:07,507 [INFO] Command: spawn
2026-03-26 15:57:58,396 [INFO] GameEngine startup
2026-03-26 15:57:58,401 [INFO] Command: spawn
2026-03-26 15:57:58,408 [INFO] Spawned creature: Cinderling
2026-03-26 15:58:20,112 [INFO] GameEngine startup
2026-03-26 15:58:20,117 [INFO] Command: catch user
2026-03-26 15:58:20,122 [INFO] Catch failed: user vs Cinderling
2026-03-26 15:58:41,646 [INFO] GameEngine startup
2026-03-26 15:58:41,651 [INFO] Command: catch user
2026-03-26 15:58:41,657 [INFO] Catch failed: user vs Cinderling
2026-03-26 15:59:05,344 [INFO] GameEngine startup
2026-03-26 15:59:05,452 [INFO] GameEngine startup
2026-03-26 15:59:09,924 [INFO] GameEngine startup
2026-03-26 16:18:19,058 [INFO] GameEngine startup
2026-03-26 16:18:19,281 [INFO] GameEngine startup
2026-03-26 16:18:19,427 [INFO] GameEngine startup
2026-03-26 16:18:19,730 [INFO] GameEngine startup
2026-03-26 16:18:19,889 [INFO] GameEngine startup
2026-03-26 16:18:20,025 [INFO] GameEngine startup
2026-03-26 16:23:24,616 [INFO] GameEngine startup
2026-03-26 16:23:24,623 [INFO] Command: catch user
2026-03-26 16:23:35,497 [INFO] GameEngine startup
2026-03-26 16:23:35,502 [INFO] Command: spawn
2026-03-26 16:23:35,509 [INFO] Spawned creature: Glimmerbug
2026-03-26 16:23:47,335 [INFO] GameEngine startup
2026-03-26 16:23:47,340 [INFO] Command: catch user
2026-03-26 16:23:47,345 [INFO] Catch failed: user vs Glimmerbug
2026-03-26 16:25:23,807 [INFO] GameEngine startup
2026-03-26 16:25:23,813 [INFO] Command: catch user
2026-03-26 16:26:05,788 [INFO] GameEngine startup
2026-03-26 16:26:05,793 [INFO] Command: catch user
2026-03-26 16:26:37,473 [INFO] GameEngine startup
2026-03-26 16:26:37,500 [INFO] Command: catch user
2026-03-26 16:26:46,802 [INFO] GameEngine startup
2026-03-26 16:26:46,808 [INFO] Command: spawn
2026-03-26 16:29:11,872 [INFO] GameEngine startup
2026-03-26 16:29:11,878 [INFO] Command: spawn
2026-03-26 16:29:11,886 [INFO] Spawned creature: Frostkit
2026-03-26 16:32:42,301 [INFO] GameEngine startup
2026-03-26 16:32:42,306 [INFO] Command: spawn
2026-03-26 16:34:08,824 [INFO] GameEngine startup
2026-03-26 16:34:08,829 [INFO] Command: spawn
2026-03-26 16:34:26,901 [INFO] GameEngine startup
2026-03-26 16:34:26,906 [INFO] Command: spawn
2026-03-26 16:34:26,913 [INFO] Spawned creature: Emberfox
2026-03-26 16:34:42,893 [INFO] GameEngine startup
2026-03-26 16:34:42,899 [INFO] Command: spawn
2026-03-26 16:35:49,900 [INFO] GameEngine startup
2026-03-26 16:35:49,905 [INFO] Command: spawn
2026-03-26 16:36:37,059 [INFO] GameEngine startup
2026-03-26 16:36:37,064 [INFO] Command: catch user
2026-03-26 16:37:52,762 [INFO] GameEngine startup
2026-03-26 16:37:52,766 [INFO] Command: spawn
2026-03-26 16:39:33,270 [INFO] GameEngine startup
2026-03-26 16:39:33,276 [INFO] Command: spawn
2026-03-26 16:39:33,287 [INFO] Spawned creature: Frostkit
2026-03-26 16:39:47,263 [INFO] GameEngine startup
2026-03-26 16:39:47,268 [INFO] Command: catch user
2026-03-26 16:39:47,274 [INFO] Catch success: user caught Frostkit
2026-03-26 16:52:46,505 [INFO] GameEngine startup
2026-03-26 16:52:46,510 [INFO] Command: spawn
2026-03-26 16:52:46,517 [INFO] Spawned creature: Frostkit
2026-03-26 16:55:42,293 [INFO] GameEngine startup
2026-03-26 16:55:42,298 [INFO] Command: spawn
2026-03-26 16:58:51,948 [INFO] GameEngine startup
2026-03-26 16:58:51,953 [INFO] Command: spawn
2026-03-26 16:58:51,961 [INFO] Spawned creature: Mistwisp
2026-03-26 17:02:49,425 [INFO] GameEngine startup
2026-03-26 17:02:49,430 [INFO] Command: spawn
2026-03-26 17:04:08,103 [INFO] GameEngine startup
2026-03-26 17:04:08,108 [INFO] Command: spawn
2026-03-26 17:04:08,115 [INFO] Spawned creature: Leaflet
2026-03-26 17:16:03,886 [INFO] GameEngine startup
2026-03-26 17:16:03,891 [INFO] Command: spawn
2026-03-26 17:16:03,899 [INFO] Spawned creature: Cinderling
2026-03-26 17:16:59,419 [INFO] GameEngine startup
2026-03-26 17:16:59,424 [INFO] Command: spawn
2026-03-26 17:17:30,528 [INFO] GameEngine startup
2026-03-26 17:17:30,532 [INFO] Command: spawn
2026-03-26 17:17:59,162 [INFO] GameEngine startup
2026-03-26 17:17:59,166 [INFO] Command: spawn
2026-03-26 17:22:18,588 [INFO] GameEngine startup
2026-03-26 17:22:18,593 [INFO] Command: spawn
2026-03-26 17:22:18,601 [INFO] Spawned creature: Mistwisp
2026-03-26 17:35:14,240 [INFO] GameEngine startup
2026-03-26 17:35:14,244 [INFO] Command: spawn
2026-03-26 17:35:14,252 [INFO] Spawned creature: Stonepaw
2026-03-26 18:18:17,804 [INFO] GameEngine startup
2026-03-26 18:18:17,809 [INFO] Command: spawn
2026-03-26 18:18:17,817 [INFO] Spawned creature: Stonepaw
2026-03-26 18:18:39,131 [INFO] GameEngine startup
2026-03-26 18:18:39,138 [INFO] Command: spawn
2026-03-26 18:19:05,703 [INFO] GameEngine startup
2026-03-26 18:19:05,708 [INFO] Command: spawn
2026-03-26 18:33:56,436 [INFO] GameEngine startup
2026-03-26 18:33:56,441 [INFO] Command: spawn
2026-03-26 18:33:56,448 [INFO] Spawned creature: Mistwisp
2026-03-26 18:39:08,835 [INFO] GameEngine startup
2026-03-26 18:39:08,841 [INFO] Command: spawn
2026-03-26 18:39:08,850 [INFO] Spawned creature: Frostkit
2026-03-26 18:39:17,781 [INFO] GameEngine startup
2026-03-26 18:39:17,785 [INFO] Command: catch user
2026-03-26 18:39:17,791 [INFO] Catch failed: user vs Frostkit
2026-03-26 18:39:43,077 [INFO] GameEngine startup
2026-03-26 18:39:43,081 [INFO] Command: catch user
2026-03-26 18:39:43,087 [INFO] Catch failed: user vs Frostkit
2026-03-26 18:39:51,965 [INFO] GameEngine startup
2026-03-26 18:39:51,969 [INFO] Command: catch user
2026-03-26 18:39:59,099 [INFO] GameEngine startup
2026-03-26 18:39:59,104 [INFO] Command: catch user
2026-03-31 16:00:56,739 [INFO] GameEngine startup
2026-03-31 16:00:56,746 [INFO] Command: spawn
2026-03-31 16:00:56,756 [INFO] Spawned creature: Ironling
2026-03-31 16:17:02,695 [INFO] GameEngine startup
2026-03-31 16:17:21,238 [INFO] GameEngine startup
2026-03-31 16:17:57,933 [INFO] GameEngine startup
2026-03-31 16:17:57,938 [INFO] Command: spawn
2026-03-31 16:17:57,946 [INFO] Spawned creature: Emberfox
2026-03-31 16:37:41,597 [INFO] GameEngine startup
2026-03-31 16:37:41,602 [INFO] Command: spawn
2026-03-31 16:37:41,611 [INFO] Spawned creature: Frostkit
2026-03-31 17:07:09,416 [INFO] GameEngine startup
2026-03-31 17:07:09,421 [INFO] Command: spawn
2026-03-31 17:07:09,428 [INFO] Spawned creature: Leaflet
2026-03-31 17:11:35,813 [INFO] GameEngine startup
2026-03-31 17:11:35,819 [INFO] Command: spawn
2026-03-31 17:12:04,432 [INFO] GameEngine startup
2026-03-31 17:12:04,437 [INFO] Command: spawn
2026-03-31 17:12:30,102 [INFO] GameEngine startup
2026-03-31 17:12:30,107 [INFO] Command: spawn
2026-03-31 17:12:30,116 [INFO] Spawned creature: Mistwisp
2026-03-31 17:13:50,934 [INFO] GameEngine startup
2026-03-31 17:13:50,940 [INFO] Command: spawn
2026-03-31 17:14:03,743 [INFO] GameEngine startup
2026-03-31 17:14:03,747 [INFO] Command: spawn
2026-03-31 17:14:15,080 [INFO] GameEngine startup
2026-03-31 17:14:15,085 [INFO] Command: spawn
2026-03-31 17:15:44,702 [INFO] GameEngine startup
2026-03-31 17:15:44,707 [INFO] Command: spawn
2026-03-31 17:17:43,424 [INFO] GameEngine startup
2026-03-31 17:17:43,432 [INFO] Command: spawn
2026-03-31 17:17:43,442 [INFO] Spawned creature: Ironling
2026-03-31 17:19:25,895 [INFO] GameEngine startup
2026-03-31 17:19:25,900 [INFO] Command: spawn
2026-03-31 17:28:48,873 [INFO] GameEngine startup
2026-03-31 17:28:48,886 [INFO] Command: spawn
2026-03-31 17:28:48,894 [INFO] Spawned creature: Sparkfin
2026-03-31 17:44:07,534 [INFO] GameEngine startup
2026-03-31 17:44:07,539 [INFO] Command: spawn
2026-03-31 17:44:07,548 [INFO] Spawned creature: Cinderling
2026-03-31 17:44:14,630 [INFO] GameEngine startup
2026-03-31 17:44:14,636 [INFO] Command: spawn
2026-03-31 17:44:21,521 [INFO] GameEngine startup
2026-03-31 17:44:21,527 [INFO] Command: spawn
2026-03-31 17:44:28,567 [INFO] GameEngine startup
2026-03-31 17:44:28,576 [INFO] Command: spawn
2026-03-31 17:44:35,603 [INFO] GameEngine startup
2026-03-31 17:44:35,607 [INFO] Command: spawn
2026-03-31 17:44:42,717 [INFO] GameEngine startup
2026-03-31 17:44:42,722 [INFO] Command: spawn
2026-03-31 17:44:44,662 [INFO] GameEngine startup
2026-03-31 17:44:44,667 [INFO] Command: catch tazod
2026-03-31 17:44:44,675 [INFO] Catch failed: tazod vs Cinderling
2026-03-31 17:44:49,544 [INFO] GameEngine startup
2026-03-31 17:44:49,549 [INFO] Command: spawn
2026-03-31 17:44:54,459 [INFO] GameEngine startup
2026-03-31 17:44:54,464 [INFO] Command: catch tazod
2026-03-31 17:44:56,658 [INFO] GameEngine startup
2026-03-31 17:44:56,663 [INFO] Command: spawn
2026-03-31 17:45:03,614 [INFO] GameEngine startup
2026-03-31 17:45:03,619 [INFO] Command: spawn
2026-03-31 17:45:10,498 [INFO] GameEngine startup
2026-03-31 17:45:10,502 [INFO] Command: spawn
2026-03-31 17:45:17,709 [INFO] GameEngine startup
2026-03-31 17:45:17,716 [INFO] Command: spawn
2026-03-31 17:45:24,645 [INFO] GameEngine startup
2026-03-31 17:45:24,650 [INFO] Command: spawn
2026-03-31 17:45:31,749 [INFO] GameEngine startup
2026-03-31 17:45:31,755 [INFO] Command: spawn
2026-03-31 17:47:54,888 [INFO] GameEngine startup
2026-03-31 17:47:54,893 [INFO] Command: spawn
2026-03-31 17:50:33,839 [INFO] GameEngine startup
2026-03-31 17:50:33,844 [INFO] Command: spawn
2026-03-31 17:50:33,853 [INFO] Spawned creature: Sparkfin
2026-03-31 17:51:32,177 [INFO] GameEngine startup
2026-03-31 17:51:32,182 [INFO] Command: catch tazod
2026-03-31 17:51:32,189 [INFO] Catch success: tazod caught Sparkfin
2026-03-31 17:51:51,017 [INFO] GameEngine startup
2026-03-31 17:51:51,023 [INFO] Command: inventory tazod
2026-03-31 17:55:35,742 [INFO] GameEngine startup
2026-03-31 17:55:35,747 [INFO] Command: spawn
2026-03-31 17:55:35,755 [INFO] Spawned creature: Riverwing
2026-03-31 17:57:04,404 [INFO] GameEngine startup
2026-03-31 17:57:04,410 [INFO] Command: catch tazod
2026-03-31 18:00:37,876 [INFO] GameEngine startup
2026-03-31 18:00:37,881 [INFO] Command: spawn
2026-03-31 18:00:37,888 [INFO] Spawned creature: Mistwisp
2026-03-31 18:03:43,610 [INFO] GameEngine startup
2026-03-31 18:03:43,615 [INFO] Command: spawn
2026-03-31 18:04:10,385 [INFO] GameEngine startup
2026-03-31 18:04:10,390 [INFO] Command: spawn
2026-03-31 18:04:21,514 [INFO] GameEngine startup
2026-03-31 18:04:21,520 [INFO] Command: catch tazod
2026-03-31 18:04:36,804 [INFO] GameEngine startup
2026-03-31 18:04:36,809 [INFO] Command: spawn
2026-03-31 18:05:15,062 [INFO] GameEngine startup
2026-03-31 18:06:39,634 [INFO] GameEngine startup
2026-03-31 18:07:08,808 [INFO] GameEngine startup
2026-03-31 18:07:39,567 [INFO] GameEngine startup
2026-03-31 18:07:39,572 [INFO] Command: spawn
2026-03-31 18:07:39,579 [INFO] Spawned creature: Stonepaw
2026-03-31 18:07:49,542 [INFO] GameEngine startup
2026-03-31 18:07:49,546 [INFO] Command: catch tazod
2026-03-31 18:07:49,552 [INFO] Catch failed: tazod vs Stonepaw
2026-03-31 18:07:58,504 [INFO] GameEngine startup
2026-03-31 18:07:58,508 [INFO] Command: catch tazod
2026-03-31 18:08:16,485 [INFO] GameEngine startup
2026-03-31 18:08:16,490 [INFO] Command: catch tazod
2026-03-31 18:08:16,495 [INFO] Catch failed: tazod vs Stonepaw
2026-03-31 18:08:31,688 [INFO] GameEngine startup
2026-03-31 18:08:31,693 [INFO] Command: catch tazod
2026-03-31 18:09:19,676 [INFO] GameEngine startup
2026-03-31 18:09:19,680 [INFO] Command: catch tazod
2026-03-31 18:11:19,561 [INFO] GameEngine startup
2026-03-31 18:11:31,581 [INFO] GameEngine startup
2026-03-31 18:14:12,113 [INFO] GameEngine startup
2026-03-31 18:14:12,119 [INFO] Command: battle tazod vs ankitkotharkar
2026-03-31 18:14:28,751 [INFO] GameEngine startup
2026-03-31 18:14:28,757 [INFO] Command: spawn
2026-03-31 18:14:28,765 [INFO] Spawned creature: Frostkit
2026-03-31 18:15:11,048 [INFO] GameEngine startup
2026-03-31 18:15:11,053 [INFO] Command: catch tazod
2026-03-31 18:15:11,059 [INFO] Catch failed: tazod vs Frostkit
2026-03-31 18:15:32,952 [INFO] GameEngine startup
2026-03-31 18:15:32,956 [INFO] Command: catch ankitkotharkar
2026-03-31 18:15:52,171 [INFO] GameEngine startup
2026-03-31 18:15:52,175 [INFO] Command: spawn
2026-03-31 18:16:23,605 [INFO] GameEngine startup
2026-03-31 18:16:23,609 [INFO] Command: spawn
